Replace Part C? C+ in C:\Users\twist\Desktop\Diplom\Altium\Shematic_A2.SchDot with C+ from Schlib1.SchLib
Replace Part C? C in C:\Users\twist\Desktop\Diplom\Altium\Shematic_A2.SchDot with C from Schlib1.SchLib
Replace Part C? C in C:\Users\twist\Desktop\Diplom\Altium\Shematic_A2.SchDot with C from Schlib1.SchLib
Replace Part C? C in C:\Users\twist\Desktop\Diplom\Altium\Shematic_A2.SchDot with C from Schlib1.SchLib
Replace Part C? C in C:\Users\twist\Desktop\Diplom\Altium\Shematic_A2.SchDot with C from Schlib1.SchLib
Replace Part C? C in C:\Users\twist\Desktop\Diplom\Altium\Shematic_A2.SchDot with C from Schlib1.SchLib
Replace Part C? C in C:\Users\twist\Desktop\Diplom\Altium\Shematic_A2.SchDot with C from Schlib1.SchLib
Replace Part C? C+ in C:\Users\twist\Desktop\Diplom\Altium\Shematic_A2.SchDot with C+ from Schlib1.SchLib
Replace Part C? C+ in C:\Users\twist\Desktop\Diplom\Altium\Shematic_A2.SchDot with C+ from Schlib1.SchLib
Replace Part C? C in C:\Users\twist\Desktop\Diplom\Altium\Shematic_A2.SchDot with C from Schlib1.SchLib
Replace Part DA? XC6206P33MR in C:\Users\twist\Desktop\Diplom\Altium\Shematic_A2.SchDot with XC6206P33MR from Schlib1.SchLib
Replace Part DA? TL431ACP in C:\Users\twist\Desktop\Diplom\Altium\Shematic_A2.SchDot with TL431ACP from Schlib1.SchLib
Replace Part DA? LM358N in C:\Users\twist\Desktop\Diplom\Altium\Shematic_A2.SchDot with LM358N from Schlib1.SchLib
Replace Part DD? PIC16F837A-I/SP in C:\Users\twist\Desktop\Diplom\Altium\Shematic_A2.SchDot with PIC16F837A-I/SP from Schlib1.SchLib
Replace Part GB? GB in C:\Users\twist\Desktop\Diplom\Altium\Shematic_A2.SchDot with GB from Schlib1.SchLib
Replace Part HG? HG in C:\Users\twist\Desktop\Diplom\Altium\Shematic_A2.SchDot with HG from Schlib1.SchLib
Replace Part R? R in C:\Users\twist\Desktop\Diplom\Altium\Shematic_A2.SchDot with R from Schlib1.SchLib
Replace Part R? R in C:\Users\twist\Desktop\Diplom\Altium\Shematic_A2.SchDot with R from Schlib1.SchLib
Replace Part R? R in C:\Users\twist\Desktop\Diplom\Altium\Shematic_A2.SchDot with R from Schlib1.SchLib
Replace Part R? R in C:\Users\twist\Desktop\Diplom\Altium\Shematic_A2.SchDot with R from Schlib1.SchLib
Replace Part R? R in C:\Users\twist\Desktop\Diplom\Altium\Shematic_A2.SchDot with R from Schlib1.SchLib
Replace Part R? R in C:\Users\twist\Desktop\Diplom\Altium\Shematic_A2.SchDot with R from Schlib1.SchLib
Replace Part R? R in C:\Users\twist\Desktop\Diplom\Altium\Shematic_A2.SchDot with R from Schlib1.SchLib
Replace Part R? R in C:\Users\twist\Desktop\Diplom\Altium\Shematic_A2.SchDot with R from Schlib1.SchLib
Replace Part R? R in C:\Users\twist\Desktop\Diplom\Altium\Shematic_A2.SchDot with R from Schlib1.SchLib
Replace Part R? R in C:\Users\twist\Desktop\Diplom\Altium\Shematic_A2.SchDot with R from Schlib1.SchLib
Replace Part R? R in C:\Users\twist\Desktop\Diplom\Altium\Shematic_A2.SchDot with R from Schlib1.SchLib
Replace Part R? R in C:\Users\twist\Desktop\Diplom\Altium\Shematic_A2.SchDot with R from Schlib1.SchLib
Replace Part R? R in C:\Users\twist\Desktop\Diplom\Altium\Shematic_A2.SchDot with R from Schlib1.SchLib
Replace Part R? R in C:\Users\twist\Desktop\Diplom\Altium\Shematic_A2.SchDot with R from Schlib1.SchLib
Replace Part R? R in C:\Users\twist\Desktop\Diplom\Altium\Shematic_A2.SchDot with R from Schlib1.SchLib
Replace Part R? R in C:\Users\twist\Desktop\Diplom\Altium\Shematic_A2.SchDot with R from Schlib1.SchLib
Replace Part R? R in C:\Users\twist\Desktop\Diplom\Altium\Shematic_A2.SchDot with R from Schlib1.SchLib
Replace Part R? R in C:\Users\twist\Desktop\Diplom\Altium\Shematic_A2.SchDot with R from Schlib1.SchLib
Replace Part R? R in C:\Users\twist\Desktop\Diplom\Altium\Shematic_A2.SchDot with R from Schlib1.SchLib
Replace Part R? R in C:\Users\twist\Desktop\Diplom\Altium\Shematic_A2.SchDot with R from Schlib1.SchLib
Replace Part R? R in C:\Users\twist\Desktop\Diplom\Altium\Shematic_A2.SchDot with R from Schlib1.SchLib
Replace Part R? R in C:\Users\twist\Desktop\Diplom\Altium\Shematic_A2.SchDot with R from Schlib1.SchLib
Replace Part R? R in C:\Users\twist\Desktop\Diplom\Altium\Shematic_A2.SchDot with R from Schlib1.SchLib
Replace Part VD? VD_1 in C:\Users\twist\Desktop\Diplom\Altium\Shematic_A2.SchDot with VD_1 from Schlib1.SchLib
Replace Part VD? VD_2 in C:\Users\twist\Desktop\Diplom\Altium\Shematic_A2.SchDot with VD_2 from Schlib1.SchLib
Replace Part VD? VD_2 in C:\Users\twist\Desktop\Diplom\Altium\Shematic_A2.SchDot with VD_2 from Schlib1.SchLib
Replace Part VD? VD in C:\Users\twist\Desktop\Diplom\Altium\Shematic_A2.SchDot with VD from Schlib1.SchLib
Replace Part VD? VD in C:\Users\twist\Desktop\Diplom\Altium\Shematic_A2.SchDot with VD from Schlib1.SchLib
Replace Part VT? VT(полевой)_1 in C:\Users\twist\Desktop\Diplom\Altium\Shematic_A2.SchDot with VT(полевой)_1 from Schlib1.SchLib
Replace Part VT? VT(полевой) in C:\Users\twist\Desktop\Diplom\Altium\Shematic_A2.SchDot with VT(полевой) from Schlib1.SchLib
Replace Part VT? VT(полевой) in C:\Users\twist\Desktop\Diplom\Altium\Shematic_A2.SchDot with VT(полевой) from Schlib1.SchLib
Replace Part X? X in C:\Users\twist\Desktop\Diplom\Altium\Shematic_A2.SchDot with X from Schlib1.SchLib
Replace Part XS? XS in C:\Users\twist\Desktop\Diplom\Altium\Shematic_A2.SchDot with XS from Schlib1.SchLib
Replace Part XT? XT in C:\Users\twist\Desktop\Diplom\Altium\Shematic_A2.SchDot with XT from Schlib1.SchLib
Replace Part ZQ? ZQ in C:\Users\twist\Desktop\Diplom\Altium\Shematic_A2.SchDot with ZQ from Schlib1.SchLib
