Replace Part C1 XP in C:\Users\twist\Desktop\Diplom\Altium\Shematic_A2.SchDot with XP from Schlib1.SchLib
Replace Part C2 C in C:\Users\twist\Desktop\Diplom\Altium\Shematic_A2.SchDot with C from Schlib1.SchLib
Replace Part C3 C+ in C:\Users\twist\Desktop\Diplom\Altium\Shematic_A2.SchDot with C+ from Schlib1.SchLib
Replace Part C4 C in C:\Users\twist\Desktop\Diplom\Altium\Shematic_A2.SchDot with C from Schlib1.SchLib
Replace Part C5 C in C:\Users\twist\Desktop\Diplom\Altium\Shematic_A2.SchDot with C from Schlib1.SchLib
Replace Part C6 C in C:\Users\twist\Desktop\Diplom\Altium\Shematic_A2.SchDot with C from Schlib1.SchLib
Replace Part C7 C in C:\Users\twist\Desktop\Diplom\Altium\Shematic_A2.SchDot with C from Schlib1.SchLib
Replace Part C8 C+ in C:\Users\twist\Desktop\Diplom\Altium\Shematic_A2.SchDot with C+ from Schlib1.SchLib
Replace Part C9 C in C:\Users\twist\Desktop\Diplom\Altium\Shematic_A2.SchDot with C from Schlib1.SchLib
Replace Part C10 C+ in C:\Users\twist\Desktop\Diplom\Altium\Shematic_A2.SchDot with C+ from Schlib1.SchLib
Replace Part DA1 TL431ACP in C:\Users\twist\Desktop\Diplom\Altium\Shematic_A2.SchDot with TL431ACP from Schlib1.SchLib
Replace Part DA2 XC6206P33MR in C:\Users\twist\Desktop\Diplom\Altium\Shematic_A2.SchDot with XC6206P33MR from Schlib1.SchLib
Replace Part DA3 LM358N in C:\Users\twist\Desktop\Diplom\Altium\Shematic_A2.SchDot with LM358N from Schlib1.SchLib
Replace Part DD1 PIC16F837A-I/SP in C:\Users\twist\Desktop\Diplom\Altium\Shematic_A2.SchDot with PIC16F837A-I/SP from Schlib1.SchLib
Replace Part GB1 GB in C:\Users\twist\Desktop\Diplom\Altium\Shematic_A2.SchDot with GB from Schlib1.SchLib
Replace Part HG1 HG in C:\Users\twist\Desktop\Diplom\Altium\Shematic_A2.SchDot with HG from Schlib1.SchLib
Replace Part R1 R in C:\Users\twist\Desktop\Diplom\Altium\Shematic_A2.SchDot with R from Schlib1.SchLib
Replace Part R2 R in C:\Users\twist\Desktop\Diplom\Altium\Shematic_A2.SchDot with R from Schlib1.SchLib
Replace Part R3 R in C:\Users\twist\Desktop\Diplom\Altium\Shematic_A2.SchDot with R from Schlib1.SchLib
Replace Part R4 R in C:\Users\twist\Desktop\Diplom\Altium\Shematic_A2.SchDot with R from Schlib1.SchLib
Replace Part R5 R in C:\Users\twist\Desktop\Diplom\Altium\Shematic_A2.SchDot with R from Schlib1.SchLib
Replace Part R6 R in C:\Users\twist\Desktop\Diplom\Altium\Shematic_A2.SchDot with R from Schlib1.SchLib
Replace Part R7 R in C:\Users\twist\Desktop\Diplom\Altium\Shematic_A2.SchDot with R from Schlib1.SchLib
Replace Part R8 R in C:\Users\twist\Desktop\Diplom\Altium\Shematic_A2.SchDot with R from Schlib1.SchLib
Replace Part R9 R in C:\Users\twist\Desktop\Diplom\Altium\Shematic_A2.SchDot with R from Schlib1.SchLib
Replace Part R10 R in C:\Users\twist\Desktop\Diplom\Altium\Shematic_A2.SchDot with R from Schlib1.SchLib
Replace Part R11 R in C:\Users\twist\Desktop\Diplom\Altium\Shematic_A2.SchDot with R from Schlib1.SchLib
Replace Part R12 R in C:\Users\twist\Desktop\Diplom\Altium\Shematic_A2.SchDot with R from Schlib1.SchLib
Replace Part R13 R in C:\Users\twist\Desktop\Diplom\Altium\Shematic_A2.SchDot with R from Schlib1.SchLib
Replace Part R14 R in C:\Users\twist\Desktop\Diplom\Altium\Shematic_A2.SchDot with R from Schlib1.SchLib
Replace Part R15 R in C:\Users\twist\Desktop\Diplom\Altium\Shematic_A2.SchDot with R from Schlib1.SchLib
Replace Part R16 R in C:\Users\twist\Desktop\Diplom\Altium\Shematic_A2.SchDot with R from Schlib1.SchLib
Replace Part R17 R in C:\Users\twist\Desktop\Diplom\Altium\Shematic_A2.SchDot with R from Schlib1.SchLib
Replace Part R18 R in C:\Users\twist\Desktop\Diplom\Altium\Shematic_A2.SchDot with R from Schlib1.SchLib
Replace Part R19 R in C:\Users\twist\Desktop\Diplom\Altium\Shematic_A2.SchDot with R from Schlib1.SchLib
Replace Part R20 R in C:\Users\twist\Desktop\Diplom\Altium\Shematic_A2.SchDot with R from Schlib1.SchLib
Replace Part R21 R in C:\Users\twist\Desktop\Diplom\Altium\Shematic_A2.SchDot with R from Schlib1.SchLib
Replace Part R22 R in C:\Users\twist\Desktop\Diplom\Altium\Shematic_A2.SchDot with R from Schlib1.SchLib
Replace Part R23 R in C:\Users\twist\Desktop\Diplom\Altium\Shematic_A2.SchDot with R from Schlib1.SchLib
Replace Part VD1 VD_2 in C:\Users\twist\Desktop\Diplom\Altium\Shematic_A2.SchDot with VD_2 from Schlib1.SchLib
Replace Part VD2 VD_2 in C:\Users\twist\Desktop\Diplom\Altium\Shematic_A2.SchDot with VD_2 from Schlib1.SchLib
Replace Part VD3 VD_1 in C:\Users\twist\Desktop\Diplom\Altium\Shematic_A2.SchDot with VD_1 from Schlib1.SchLib
Replace Part VD4 VD in C:\Users\twist\Desktop\Diplom\Altium\Shematic_A2.SchDot with VD from Schlib1.SchLib
Replace Part VD5 VD in C:\Users\twist\Desktop\Diplom\Altium\Shematic_A2.SchDot with VD from Schlib1.SchLib
Replace Part VT1 VT(полевой) in C:\Users\twist\Desktop\Diplom\Altium\Shematic_A2.SchDot with VT(полевой) from Schlib1.SchLib
Replace Part VT2 VT(полевой)_1 in C:\Users\twist\Desktop\Diplom\Altium\Shematic_A2.SchDot with VT(полевой)_1 from Schlib1.SchLib
Replace Part VT3 VT(полевой) in C:\Users\twist\Desktop\Diplom\Altium\Shematic_A2.SchDot with VT(полевой) from Schlib1.SchLib
Replace Part X1 XP in C:\Users\twist\Desktop\Diplom\Altium\Shematic_A2.SchDot with XP from Schlib1.SchLib
Replace Part XS2 XS in C:\Users\twist\Desktop\Diplom\Altium\Shematic_A2.SchDot with XS from Schlib1.SchLib
Replace Part XT1 XT in C:\Users\twist\Desktop\Diplom\Altium\Shematic_A2.SchDot with XT from Schlib1.SchLib
Replace Part ZQ1 ZQ in C:\Users\twist\Desktop\Diplom\Altium\Shematic_A2.SchDot with ZQ from Schlib1.SchLib
